<?xml version="1.0" encoding="UTF-8"?>
<!-- Generated by org.testng.reporters.JUnitReportReporter -->
<testsuite hostname="DESKTOP-7F6OPQM" failures="0" tests="3" name="com.medved.support.logica.InternalTicketServiceTest" time="0.264" errors="0" timestamp="2020-04-05T22:22:21 COT" skipped="0">
  <testcase classname="com.medved.support.logica.InternalTicketServiceTest" name="TestB" time="0.200"/>
  <testcase classname="com.medved.support.logica.InternalTicketServiceTest" name="testC" time="0.048"/>
  <testcase classname="com.medved.support.logica.InternalTicketServiceTest" name="testA" time="0.016"/>
</testsuite> <!-- com.medved.support.logica.InternalTicketServiceTest -->
